{"numFailedTestSuites":1,"numFailedTests":1,"numPassedTestSuites":0,"numPassedTests":1,"numPendingTestSuites":0,"numPendingTests":0,"numRuntimeErrorTestSuites":0,"numTodoTests":0,"numTotalTestSuites":1,"numTotalTests":2,"openHandles":[],"snapshot":{"added":0,"didUpdate":false,"failure":false,"filesAdded":0,"filesRemoved":0,"filesRemovedList":[],"filesUnmatched":0,"filesUpdated":0,"matched":0,"total":0,"unchecked":0,"uncheckedKeysByFile":[],"unmatched":0,"updated":0},"startTime":1789881326998,"success":false,"testResults":[{"assertionResults":[{"ancestorTitles":[],"duration":5,"failing":false,"failureDetails":[],"failureMessages":[],"fullName":"adds two numbers","invocations":1,"location":{"column":1,"line":3},"numPassingAsserts":1,"retryMessages":[],"retryReasons":[],"status":"passed","title":"adds two numbers","startAt":1789881327612},{"ancestorTitles":[],"duration":5,"failing":false,"failureDetails":[{"matcherResult":{"actual":5,"expected":4,"message":"expect(received).toBe(expected) // Object.is equality\n\nExpected: 4\nReceived: 5","name":"toBe","pass":false}}],"failureMessages":["Error: expect(received).toBe(expected) // Object.is equality\n\nExpected: 4\nReceived: 5\n    at Object.toBe (/FIXTURE_ROOT/math.test.js:8:21)\n    at Promise.finally.completed (/FIXTURE_ROOT/node_modules/jest-circus/build/jestAdapterInit.js:1834:28)\n    at new Promise (<anonymous>)\n    at callAsyncCircusFn (/FIXTURE_ROOT/node_modules/jest-circus/build/jestAdapterInit.js:1774:10)\n    at _callCircusTest (/FIXTURE_ROOT/node_modules/jest-circus/build/jestAdapterInit.js:1167:40)\n    at _runTestInContext (/FIXTURE_ROOT/node_modules/jest-circus/build/jestAdapterInit.js:1103:3)\n    at runTestWithContext (/FIXTURE_ROOT/node_modules/jest-circus/build/jestAdapterInit.js:996:5)\n    at _runTestsForDescribeBlockOnce (/FIXTURE_ROOT/node_modules/jest-circus/build/jestAdapterInit.js:1008:11)\n    at _runTestsForDescribeBlock (/FIXTURE_ROOT/node_modules/jest-circus/build/jestAdapterInit.js:824:5)\n    at run (/FIXTURE_ROOT/node_modules/jest-circus/build/jestAdapterInit.js:789:3)\n    at runAndTransformResultsToJestFormat (/FIXTURE_ROOT/node_modules/jest-circus/build/jestAdapterInit.js:2300:21)\n    at jestAdapter (/FIXTURE_ROOT/node_modules/jest-circus/build/runner.js:111:19)\n    at runTestInternal (/FIXTURE_ROOT/node_modules/jest-runner/build/index.js:247:16)\n    at runTest (/FIXTURE_ROOT/node_modules/jest-runner/build/index.js:315:7)"],"fullName":"doubles a number","invocations":1,"location":{"column":1,"line":7},"numPassingAsserts":0,"retryMessages":[],"retryReasons":[],"status":"failed","title":"doubles a number","startAt":1789881327636}],"endTime":1789881327665,"message":"  ● doubles a number\n\n    expect(received).toBe(expected) // Object.is equality\n\n    Expected: 4\n    Received: 5\n\n       6 |\n       7 | test(\"doubles a number\", () => {\n    >  8 |   expect(double(2)).toBe(4);\n         |                     ^\n       9 | });\n      10 |\n\n      at Object.toBe (math.test.js:8:21)\n","name":"/FIXTURE_ROOT/math.test.js","startTime":1789881327363,"status":"failed","summary":""}],"wasInterrupted":false}
