{"numTotalTestSuites":1,"numPassedTestSuites":0,"numFailedTestSuites":1,"numPendingTestSuites":0,"numTotalTests":2,"numPassedTests":1,"numFailedTests":1,"numPendingTests":0,"numTodoTests":0,"snapshot":{"added":0,"failure":false,"filesAdded":0,"filesRemoved":0,"filesRemovedList":[],"filesUnmatched":0,"filesUpdated":0,"matched":0,"total":0,"unchecked":0,"uncheckedKeysByFile":[],"unmatched":0,"updated":0,"didUpdate":false},"startTime":1789881516823,"success":false,"testResults":[{"assertionResults":[{"ancestorTitles":[],"fullName":"adds two numbers","status":"passed","title":"adds two numbers","duration":1.3620599999999854,"failureMessages":[],"meta":{}},{"ancestorTitles":[],"fullName":"doubles a number","status":"failed","title":"doubles a number","duration":8.001945000000035,"failureMessages":["AssertionError: expected 5 to be 4 // Object.is equality\n    at /FIXTURE_ROOT/math.test.js:9:21\n    at file:///FIXTURE_ROOT/node_modules/@vitest/runner/dist/chunk-hooks.js:155:11\n    at file:///FIXTURE_ROOT/node_modules/@vitest/runner/dist/chunk-hooks.js:752:26\n    at file:///FIXTURE_ROOT/node_modules/@vitest/runner/dist/chunk-hooks.js:1897:20\n    at new Promise (<anonymous>)\n    at runWithTimeout (file:///FIXTURE_ROOT/node_modules/@vitest/runner/dist/chunk-hooks.js:1863:10)\n    at runTest (file:///FIXTURE_ROOT/node_modules/@vitest/runner/dist/chunk-hooks.js:1574:12)\n    at processTicksAndRejections (node:internal/process/task_queues:104:5)\n    at runSuite (file:///FIXTURE_ROOT/node_modules/@vitest/runner/dist/chunk-hooks.js:1729:8)\n    at runFiles (file:///FIXTURE_ROOT/node_modules/@vitest/runner/dist/chunk-hooks.js:1787:3)"],"meta":{}}],"startTime":1789881517297,"endTime":1789881517307.002,"status":"failed","message":"","name":"/FIXTURE_ROOT/math.test.js"}]}